Okt 19, 2017 2:17:34 PM org.apache.catalina.core.AprLifecycleListener init
INFORMATION: The APR based Apache Tomcat Native library which allows optimal performance in production environments was not found on the java.library.path: /Users/inanbayram/Library/Java/Extensions:/Library/Java/Extensions:/Network/Library/Java/Extensions:/System/Library/Java/Extensions:/usr/lib/java:.
Okt 19, 2017 2:17:35 PM org.apache.coyote.http11.Http11Protocol init
INFORMATION: Initializing Coyote HTTP/1.1 on http-8080
Okt 19, 2017 2:17:35 PM org.apache.catalina.startup.Catalina load
INFORMATION: Initialization processed in 707 ms
Okt 19, 2017 2:17:35 PM org.apache.catalina.core.StandardService start
INFORMATION: Starting service Catalina
Okt 19, 2017 2:17:35 PM org.apache.catalina.core.StandardEngine start
INFORMATION: Starting Servlet Engine: Apache Tomcat/6.0.53
Okt 19, 2017 2:17:35 PM org.apache.catalina.startup.HostConfig deployDirectory
INFORMATION: Deploying web application directory docs
Okt 19, 2017 2:17:35 PM org.apache.catalina.startup.HostConfig deployDirectory
INFORMATION: Deploying web application directory examples
Okt 19, 2017 2:17:35 PM org.apache.catalina.startup.HostConfig deployDirectory
INFORMATION: Deploying web application directory host-manager
Okt 19, 2017 2:17:35 PM org.apache.catalina.startup.HostConfig deployDirectory
INFORMATION: Deploying web application directory manager
Okt 19, 2017 2:17:35 PM org.apache.catalina.startup.HostConfig deployDirectory
INFORMATION: Deploying web application directory ROOT
Okt 19, 2017 2:17:36 PM org.apache.coyote.http11.Http11Protocol start
INFORMATION: Starting Coyote HTTP/1.1 on http-8080
Okt 19, 2017 2:17:36 PM org.apache.jk.common.ChannelSocket init
INFORMATION: JK: ajp13 listening on /0.0.0.0:8009
Okt 19, 2017 2:17:36 PM org.apache.jk.server.JkMain start
INFORMATION: Jk running ID=0 time=0/21  config=null
Okt 19, 2017 2:17:36 PM org.apache.catalina.startup.Catalina start
INFORMATION: Server startup in 803 ms
Okt 19, 2017 2:17:51 PM org.apache.coyote.http11.Http11Protocol pause
INFORMATION: Pausing Coyote HTTP/1.1 on http-8080
Okt 19, 2017 2:17:57 PM org.apache.catalina.core.StandardService stop
INFORMATION: Stopping service Catalina
Okt 19, 2017 2:17:57 PM org.apache.coyote.http11.Http11Protocol destroy
INFORMATION: Stopping Coyote HTTP/1.1 on http-8080
Okt 19, 2017 2:22:07 PM org.apache.catalina.core.AprLifecycleListener init
INFORMATION: The APR based Apache Tomcat Native library which allows optimal performance in production environments was not found on the java.library.path: /Users/inanbayram/Library/Java/Extensions:/Library/Java/Extensions:/Network/Library/Java/Extensions:/System/Library/Java/Extensions:/usr/lib/java:.
Okt 19, 2017 2:22:08 PM org.apache.coyote.http11.Http11Protocol init
SCHWERWIEGEND: Error initializing endpoint
java.net.BindException: Address already in use <null>:8080
	at org.apache.tomcat.util.net.JIoEndpoint.init(JIoEndpoint.java:563)
	at org.apache.coyote.http11.Http11Protocol.init(Http11Protocol.java:180)
	at org.apache.catalina.connector.Connector.initialize(Connector.java:1141)
	at org.apache.catalina.core.StandardService.initialize(StandardService.java:703)
	at org.apache.catalina.core.StandardServer.initialize(StandardServer.java:845)
	at org.apache.catalina.startup.Catalina.load(Catalina.java:538)
	at org.apache.catalina.startup.Catalina.load(Catalina.java:562)
	at sun.reflect.NativeMethodAccessorImpl.invoke0(Native Method)
	at sun.reflect.NativeMethodAccessorImpl.invoke(NativeMethodAccessorImpl.java:62)
	at sun.reflect.DelegatingMethodAccessorImpl.invoke(DelegatingMethodAccessorImpl.java:43)
	at java.lang.reflect.Method.invoke(Method.java:498)
	at org.apache.catalina.startup.Bootstrap.load(Bootstrap.java:261)
	at org.apache.catalina.startup.Bootstrap.main(Bootstrap.java:413)
Caused by: java.net.BindException: Address already in use
	at java.net.PlainSocketImpl.socketBind(Native Method)
	at java.net.AbstractPlainSocketImpl.bind(AbstractPlainSocketImpl.java:387)
	at java.net.ServerSocket.bind(ServerSocket.java:375)
	at java.net.ServerSocket.<init>(ServerSocket.java:237)
	at java.net.ServerSocket.<init>(ServerSocket.java:181)
	at org.apache.tomcat.util.net.DefaultServerSocketFactory.createSocket(DefaultServerSocketFactory.java:50)
	at org.apache.tomcat.util.net.JIoEndpoint.init(JIoEndpoint.java:552)
	... 12 more

Okt 19, 2017 2:22:08 PM org.apache.catalina.core.StandardService initialize
SCHWERWIEGEND: Failed to initialize connector [Connector[HTTP/1.1-8080]]
LifecycleException:  Protocol handler initialization failed: java.net.BindException: Address already in use <null>:8080
	at org.apache.catalina.connector.Connector.initialize(Connector.java:1145)
	at org.apache.catalina.core.StandardService.initialize(StandardService.java:703)
	at org.apache.catalina.core.StandardServer.initialize(StandardServer.java:845)
	at org.apache.catalina.startup.Catalina.load(Catalina.java:538)
	at org.apache.catalina.startup.Catalina.load(Catalina.java:562)
	at sun.reflect.NativeMethodAccessorImpl.invoke0(Native Method)
	at sun.reflect.NativeMethodAccessorImpl.invoke(NativeMethodAccessorImpl.java:62)
	at sun.reflect.DelegatingMethodAccessorImpl.invoke(DelegatingMethodAccessorImpl.java:43)
	at java.lang.reflect.Method.invoke(Method.java:498)
	at org.apache.catalina.startup.Bootstrap.load(Bootstrap.java:261)
	at org.apache.catalina.startup.Bootstrap.main(Bootstrap.java:413)

Okt 19, 2017 2:22:08 PM org.apache.catalina.startup.Catalina load
INFORMATION: Initialization processed in 781 ms
Okt 19, 2017 2:22:08 PM org.apache.catalina.core.StandardService start
INFORMATION: Starting service Catalina
Okt 19, 2017 2:22:08 PM org.apache.catalina.core.StandardEngine start
INFORMATION: Starting Servlet Engine: Apache Tomcat/6.0.53
Okt 19, 2017 2:22:08 PM org.apache.catalina.startup.HostConfig deployDescriptor
INFORMATION: Deploying configuration descriptor host-manager.xml
Okt 19, 2017 2:22:08 PM org.apache.catalina.startup.HostConfig deployDescriptor
INFORMATION: Deploying configuration descriptor manager.xml
Okt 19, 2017 2:22:08 PM org.apache.catalina.startup.HostConfig deployDirectory
INFORMATION: Deploying web application directory docs
Okt 19, 2017 2:22:08 PM org.apache.catalina.startup.HostConfig deployDirectory
INFORMATION: Deploying web application directory examples
Okt 19, 2017 2:22:08 PM org.apache.catalina.startup.HostConfig deployDirectory
INFORMATION: Deploying web application directory ROOT
Okt 19, 2017 2:22:08 PM org.apache.coyote.http11.Http11Protocol start
SCHWERWIEGEND: Error starting endpoint
java.net.BindException: Address already in use <null>:8080
	at org.apache.tomcat.util.net.JIoEndpoint.init(JIoEndpoint.java:563)
	at org.apache.tomcat.util.net.JIoEndpoint.start(JIoEndpoint.java:579)
	at org.apache.coyote.http11.Http11Protocol.start(Http11Protocol.java:207)
	at org.apache.catalina.connector.Connector.start(Connector.java:1220)
	at org.apache.catalina.core.StandardService.start(StandardService.java:540)
	at org.apache.catalina.core.StandardServer.start(StandardServer.java:761)
	at org.apache.catalina.startup.Catalina.start(Catalina.java:595)
	at sun.reflect.NativeMethodAccessorImpl.invoke0(Native Method)
	at sun.reflect.NativeMethodAccessorImpl.invoke(NativeMethodAccessorImpl.java:62)
	at sun.reflect.DelegatingMethodAccessorImpl.invoke(DelegatingMethodAccessorImpl.java:43)
	at java.lang.reflect.Method.invoke(Method.java:498)
	at org.apache.catalina.startup.Bootstrap.start(Bootstrap.java:289)
	at org.apache.catalina.startup.Bootstrap.main(Bootstrap.java:414)
Caused by: java.net.BindException: Address already in use
	at java.net.PlainSocketImpl.socketBind(Native Method)
	at java.net.AbstractPlainSocketImpl.bind(AbstractPlainSocketImpl.java:387)
	at java.net.ServerSocket.bind(ServerSocket.java:375)
	at java.net.ServerSocket.<init>(ServerSocket.java:237)
	at java.net.ServerSocket.<init>(ServerSocket.java:181)
	at org.apache.tomcat.util.net.DefaultServerSocketFactory.createSocket(DefaultServerSocketFactory.java:50)
	at org.apache.tomcat.util.net.JIoEndpoint.init(JIoEndpoint.java:552)
	... 12 more

Okt 19, 2017 2:22:08 PM org.apache.catalina.core.StandardService start
SCHWERWIEGEND: Failed to start connector [Connector[HTTP/1.1-8080]]
LifecycleException:  service.getName(): "Catalina";  Protocol handler start failed: java.net.BindException: Address already in use <null>:8080
	at org.apache.catalina.connector.Connector.start(Connector.java:1229)
	at org.apache.catalina.core.StandardService.start(StandardService.java:540)
	at org.apache.catalina.core.StandardServer.start(StandardServer.java:761)
	at org.apache.catalina.startup.Catalina.start(Catalina.java:595)
	at sun.reflect.NativeMethodAccessorImpl.invoke0(Native Method)
	at sun.reflect.NativeMethodAccessorImpl.invoke(NativeMethodAccessorImpl.java:62)
	at sun.reflect.DelegatingMethodAccessorImpl.invoke(DelegatingMethodAccessorImpl.java:43)
	at java.lang.reflect.Method.invoke(Method.java:498)
	at org.apache.catalina.startup.Bootstrap.start(Bootstrap.java:289)
	at org.apache.catalina.startup.Bootstrap.main(Bootstrap.java:414)

Okt 19, 2017 2:22:08 PM org.apache.jk.common.ChannelSocket init
INFORMATION: Port busy 8009 java.net.BindException: Address already in use
Okt 19, 2017 2:22:08 PM org.apache.jk.common.ChannelSocket init
SCHWERWIEGEND: Can't find free port 8009 8009
Okt 19, 2017 2:22:08 PM org.apache.jk.server.JkMain start
INFORMATION: Jk running ID=0 time=0/21  config=null
Okt 19, 2017 2:22:08 PM org.apache.catalina.startup.Catalina start
INFORMATION: Server startup in 716 ms
Okt 19, 2017 2:22:08 PM org.apache.catalina.core.StandardServer await
SCHWERWIEGEND: StandardServer.await: create[8005]: 
java.net.BindException: Address already in use
	at java.net.PlainSocketImpl.socketBind(Native Method)
	at java.net.AbstractPlainSocketImpl.bind(AbstractPlainSocketImpl.java:387)
	at java.net.ServerSocket.bind(ServerSocket.java:375)
	at java.net.ServerSocket.<init>(ServerSocket.java:237)
	at org.apache.catalina.core.StandardServer.await(StandardServer.java:406)
	at org.apache.catalina.startup.Catalina.await(Catalina.java:676)
	at org.apache.catalina.startup.Catalina.start(Catalina.java:628)
	at sun.reflect.NativeMethodAccessorImpl.invoke0(Native Method)
	at sun.reflect.NativeMethodAccessorImpl.invoke(NativeMethodAccessorImpl.java:62)
	at sun.reflect.DelegatingMethodAccessorImpl.invoke(DelegatingMethodAccessorImpl.java:43)
	at java.lang.reflect.Method.invoke(Method.java:498)
	at org.apache.catalina.startup.Bootstrap.start(Bootstrap.java:289)
	at org.apache.catalina.startup.Bootstrap.main(Bootstrap.java:414)

Okt 19, 2017 2:22:08 PM org.apache.coyote.http11.Http11Protocol pause
INFORMATION: Pausing Coyote HTTP/1.1 on http-8080
